0 info it worked if it ends with ok
1 verbose cli [ 'node', '/usr/local/bin/npm', 'install', '-g', 'jasmine-node' ]
2 info using npm@2.5.0
3 info using node@v0.10.35
4 silly cache add args [ 'jasmine-node', null ]
5 verbose cache add spec jasmine-node
6 silly cache add parsed spec { raw: 'jasmine-node',
6 silly cache add   scope: null,
6 silly cache add   name: 'jasmine-node',
6 silly cache add   rawSpec: '',
6 silly cache add   spec: '*',
6 silly cache add   type: 'range' }
7 verbose addNamed jasmine-node@*
8 silly addNamed semver.valid null
9 silly addNamed semver.validRange *
10 silly addNameRange { name: 'jasmine-node', range: '*', hasData: false }
11 silly mapToRegistry name jasmine-node
12 silly mapToRegistry using default registry
13 silly mapToRegistry registry https://registry.npmjs.org/
14 silly mapToRegistry uri https://registry.npmjs.org/jasmine-node
15 verbose addNameRange registry:https://registry.npmjs.org/jasmine-node not in flight; fetching
16 verbose request uri https://registry.npmjs.org/jasmine-node
17 verbose request no auth needed
18 info attempt registry request try #1 at 07:48:33
19 verbose request id b1aaa055fe18c40a
20 verbose etag "7D3X5WQR6HDSIOLYTDVXWU125"
21 http request GET https://registry.npmjs.org/jasmine-node
22 http 304 https://registry.npmjs.org/jasmine-node
23 silly get cb [ 304,
23 silly get   { date: 'Sat, 07 Mar 2015 12:48:39 GMT',
23 silly get     server: 'Apache',
23 silly get     via: '1.1 varnish',
23 silly get     'last-modified': 'Sat, 07 Mar 2015 12:48:40 GMT',
23 silly get     'cache-control': 'max-age=60',
23 silly get     etag: '"7D3X5WQR6HDSIOLYTDVXWU125"',
23 silly get     age: '0',
23 silly get     'x-served-by': 'cache-atl6231-ATL',
23 silly get     'x-cache': 'HIT',
23 silly get     'x-cache-hits': '1',
23 silly get     'x-timer': 'S1425732519.918711,VS0,VE310',
23 silly get     vary: 'Accept',
23 silly get     'content-length': '0',
23 silly get     'keep-alive': 'timeout=10, max=50',
23 silly get     connection: 'Keep-Alive' } ]
24 verbose etag https://registry.npmjs.org/jasmine-node from cache
25 verbose get saving jasmine-node to /home/byron/.npm/registry.npmjs.org/jasmine-node/.cache.json
26 silly addNameRange number 2 { name: 'jasmine-node', range: '*', hasData: true }
27 silly addNameRange versions [ 'jasmine-node',
27 silly addNameRange   [ '1.0.1',
27 silly addNameRange     '1.0.2',
27 silly addNameRange     '1.0.3',
27 silly addNameRange     '1.0.4',
27 silly addNameRange     '1.0.5',
27 silly addNameRange     '1.0.6',
27 silly addNameRange     '1.0.7',
27 silly addNameRange     '1.0.8',
27 silly addNameRange     '1.0.9',
27 silly addNameRange     '1.0.10',
27 silly addNameRange     '1.0.11',
27 silly addNameRange     '1.0.12',
27 silly addNameRange     '1.0.13',
27 silly addNameRange     '1.0.15',
27 silly addNameRange     '1.0.16',
27 silly addNameRange     '1.0.17',
27 silly addNameRange     '1.0.18',
27 silly addNameRange     '1.0.19',
27 silly addNameRange     '1.0.20',
27 silly addNameRange     '1.0.21',
27 silly addNameRange     '1.0.22',
27 silly addNameRange     '1.0.23',
27 silly addNameRange     '1.0.24',
27 silly addNameRange     '1.0.25',
27 silly addNameRange     '1.0.26',
27 silly addNameRange     '1.0.27',
27 silly addNameRange     '1.0.28',
27 silly addNameRange     '1.1.0',
27 silly addNameRange     '1.2.0',
27 silly addNameRange     '1.2.1',
27 silly addNameRange     '1.2.2',
27 silly addNameRange     '1.2.3',
27 silly addNameRange     '1.3.0',
27 silly addNameRange     '1.3.1',
27 silly addNameRange     '1.4.0',
27 silly addNameRange     '1.5.0',
27 silly addNameRange     '1.6.0',
27 silly addNameRange     '1.7.0',
27 silly addNameRange     '1.7.1',
27 silly addNameRange     '1.8.0',
27 silly addNameRange     '1.8.1',
27 silly addNameRange     '1.9.0',
27 silly addNameRange     '1.9.1',
27 silly addNameRange     '1.10.0',
27 silly addNameRange     '1.10.1',
27 silly addNameRange     '1.10.2',
27 silly addNameRange     '1.11.0',
27 silly addNameRange     '1.12.0',
27 silly addNameRange     '1.12.1',
27 silly addNameRange     '1.13.0',
27 silly addNameRange     '1.13.1',
27 silly addNameRange     '1.14.0',
27 silly addNameRange     '1.14.1',
27 silly addNameRange     '2.0.0',
27 silly addNameRange     '1.14.2',
27 silly addNameRange     '2.0.0-beta1',
27 silly addNameRange     '2.0.0-beta2',
27 silly addNameRange     '2.0.0-beta3',
27 silly addNameRange     '1.14.3',
27 silly addNameRange     '2.0.0-beta4',
27 silly addNameRange     '1.14.4',
27 silly addNameRange     '1.14.5',
27 silly addNameRange     '1.0.0-rc1',
27 silly addNameRange     '1.0.0-rc2',
27 silly addNameRange     '1.0.0-rc3' ] ]
28 verbose addNamed jasmine-node@1.14.5
29 silly addNamed semver.valid 1.14.5
30 silly addNamed semver.validRange 1.14.5
31 silly mapToRegistry name jasmine-node
32 silly mapToRegistry using default registry
33 silly mapToRegistry registry https://registry.npmjs.org/
34 silly mapToRegistry uri https://registry.npmjs.org/jasmine-node
35 verbose addRemoteTarball https://registry.npmjs.org/jasmine-node/-/jasmine-node-1.14.5.tgz not in flight; adding
36 verbose addRemoteTarball [ 'https://registry.npmjs.org/jasmine-node/-/jasmine-node-1.14.5.tgz',
36 verbose addRemoteTarball   '18e8397b856924ee77003666c3731b5aea50c39d' ]
37 info retry fetch attempt 1 at 07:48:35
38 info attempt registry request try #1 at 07:48:35
39 http fetch GET https://registry.npmjs.org/jasmine-node/-/jasmine-node-1.14.5.tgz
40 http fetch 200 https://registry.npmjs.org/jasmine-node/-/jasmine-node-1.14.5.tgz
41 silly fetchAndShaCheck shasum 18e8397b856924ee77003666c3731b5aea50c39d
42 verbose addTmpTarball /var/tmp/npm-5098-444d6574/registry.npmjs.org/jasmine-node/-/jasmine-node-1.14.5.tgz not in flight; adding
43 verbose addTmpTarball already have metadata; skipping unpack for jasmine-node@1.14.5
44 silly cache afterAdd jasmine-node@1.14.5
45 verbose afterAdd /home/byron/.npm/jasmine-node/1.14.5/package/package.json not in flight; writing
46 verbose afterAdd /home/byron/.npm/jasmine-node/1.14.5/package/package.json written
47 silly install resolved [ { name: 'jasmine-node',
47 silly install resolved     version: '1.14.5',
47 silly install resolved     description: 'DOM-less simple JavaScript BDD testing framework for Node',
47 silly install resolved     contributors: [ [Object] ],
47 silly install resolved     homepage: 'https://github.com/mhevery/jasmine-node',
47 silly install resolved     repository:
47 silly install resolved      { type: 'git',
47 silly install resolved        url: 'https://github.com/mhevery/jasmine-node.git' },
47 silly install resolved     keywords: [ 'testing', 'bdd' ],
47 silly install resolved     author: { name: 'Misko Hevery', email: 'misko@hevery.com' },
47 silly install resolved     maintainers: [ [Object], [Object] ],
47 silly install resolved     licenses: [ 'MIT' ],
47 silly install resolved     dependencies:
47 silly install resolved      { 'coffee-script': '>=1.0.1',
47 silly install resolved        'jasmine-reporters': '~1.0.0',
47 silly install resolved        'jasmine-growl-reporter': '~0.0.2',
47 silly install resolved        requirejs: '>=0.27.1',
47 silly install resolved        walkdir: '>= 0.0.1',
47 silly install resolved        underscore: '>= 1.3.1',
47 silly install resolved        gaze: '~0.3.2',
47 silly install resolved        mkdirp: '~0.3.5' },
47 silly install resolved     bin: { 'jasmine-node': 'bin/jasmine-node' },
47 silly install resolved     preferGlobal: true,
47 silly install resolved     main: 'lib/jasmine-node',
47 silly install resolved     scripts: { test: 'node lib/jasmine-node/cli.js spec' },
47 silly install resolved     devDependencies: {},
47 silly install resolved     bugs: { url: 'https://github.com/mhevery/jasmine-node/issues' },
47 silly install resolved     _id: 'jasmine-node@1.14.5',
47 silly install resolved     _shasum: '18e8397b856924ee77003666c3731b5aea50c39d',
47 silly install resolved     _from: 'jasmine-node@*',
47 silly install resolved     _npmVersion: '1.4.9',
47 silly install resolved     _npmUser: { name: 'tebriel', email: 'tebriel@gmail.com' },
47 silly install resolved     dist:
47 silly install resolved      { shasum: '18e8397b856924ee77003666c3731b5aea50c39d',
47 silly install resolved        tarball: 'http://registry.npmjs.org/jasmine-node/-/jasmine-node-1.14.5.tgz' },
47 silly install resolved     directories: {},
47 silly install resolved     _resolved: 'https://registry.npmjs.org/jasmine-node/-/jasmine-node-1.14.5.tgz' } ]
48 info install jasmine-node@1.14.5 into /usr/local/lib
49 info installOne jasmine-node@1.14.5
50 verbose installOne of jasmine-node to /usr/local/lib not in flight; installing
51 verbose lock using /home/byron/.npm/_locks/jasmine-node-592af5d86773a3f7.lock for /usr/local/lib/node_modules/jasmine-node
52 silly install write writing jasmine-node 1.14.5 to /usr/local/lib/node_modules/jasmine-node
53 silly cache addNamed cb jasmine-node@1.14.5
54 verbose unbuild lib/node_modules/jasmine-node
55 verbose gentlyRm vacuuming /usr/local/lib/node_modules/jasmine-node
56 verbose tar unpack /home/byron/.npm/jasmine-node/1.14.5/package.tgz
57 verbose tar unpacking to /usr/local/lib/node_modules/jasmine-node
58 verbose gentlyRm vacuuming /usr/local/lib/node_modules/jasmine-node
59 silly gunzTarPerm modes [ '755', '644' ]
60 error tar.unpack untar error /home/byron/.npm/jasmine-node/1.14.5/package.tgz
61 verbose unlock done using /home/byron/.npm/_locks/jasmine-node-592af5d86773a3f7.lock for /usr/local/lib/node_modules/jasmine-node
62 verbose fstream_path /usr/local/lib/node_modules/jasmine-node
63 verbose fstream_type Directory
64 verbose fstream_class DirWriter
65 verbose stack Error: EACCES, mkdir '/usr/local/lib/node_modules/jasmine-node'
66 verbose fstream_stack /usr/local/lib/node_modules/npm/node_modules/fstream/lib/dir-writer.js:36:23
66 verbose fstream_stack /usr/local/lib/node_modules/npm/node_modules/mkdirp/index.js:46:53
66 verbose fstream_stack Object.oncomplete (fs.js:108:15)
67 verbose cwd /home/byron/node_projects/WarpDrive/spec
68 error Linux 3.17.8-300.fc21.x86_64
69 error argv "node" "/usr/local/bin/npm" "install" "-g" "jasmine-node"
70 error node v0.10.35
71 error npm  v2.5.0
72 error path /usr/local/lib/node_modules/jasmine-node
73 error code EACCES
74 error errno 3
75 error Error: EACCES, mkdir '/usr/local/lib/node_modules/jasmine-node'
75 error  { [Error: EACCES, mkdir '/usr/local/lib/node_modules/jasmine-node']
75 error   errno: 3,
75 error   code: 'EACCES',
75 error   path: '/usr/local/lib/node_modules/jasmine-node',
75 error   fstream_type: 'Directory',
75 error   fstream_path: '/usr/local/lib/node_modules/jasmine-node',
75 error   fstream_class: 'DirWriter',
75 error   fstream_stack:
75 error    [ '/usr/local/lib/node_modules/npm/node_modules/fstream/lib/dir-writer.js:36:23',
75 error      '/usr/local/lib/node_modules/npm/node_modules/mkdirp/index.js:46:53',
75 error      'Object.oncomplete (fs.js:108:15)' ] }
76 error Please try running this command again as root/Administrator.
77 verbose exit [ 3, true ]
78 verbose unbuild lib/node_modules/jasmine-node
79 verbose gentlyRm vacuuming /usr/local/lib/node_modules/jasmine-node
